# JRE version: OpenJDK Runtime Environment (11.0.8+10) (build 11.0.8+10-b944.6842174)
# Java VM: OpenJDK 64-Bit Server VM (11.0.8+10-b944.6842174, mixed mode, tiered, compressed oops, g1 gc, windows-amd64)
Heap:
 garbage-first heap   total 315392K, used 66043K [0x0000000080000000, 0x0000000100000000)
  region size 1024K, 15 young (15360K), 15 survivors (15360K)
 Metaspace       used 76622K, capacity 78604K, committed 78848K, reserved 1118208K
  class space    used 9992K, capacity 10714K, committed 10752K, reserved 1048576K
GC Heap History (19 events):
Event: 0.533 GC heap before
{Heap before GC invocations=0 (full 0):
 garbage-first heap   total 262144K, used 29696K [0x0000000080000000, 0x0000000100000000)
  region size 1024K, 24 young (24576K), 0 survivors (0K)
 Metaspace       used 10383K, capacity 10580K, committed 10752K, reserved 1058816K
  class space    used 1098K, capacity 1164K, committed 1280K, reserved 1048576K
}
Event: 0.537 GC heap after
{Heap after GC invocations=1 (full 0):
 garbage-first heap   total 262144K, used 8639K [0x0000000080000000, 0x0000000100000000)
  region size 1024K, 3 young (3072K), 3 survivors (3072K)
 Metaspace       used 10383K, capacity 10580K, committed 10752K, reserved 1058816K
  class space    used 1098K, capacity 1164K, committed 1280K, reserved 1048576K
}
Event: 2.162 GC heap before
{Heap before GC invocations=1 (full 0):
 garbage-first heap   total 262144K, used 93631K [0x0000000080000000, 0x0000000100000000)
  region size 1024K, 88 young (90112K), 3 survivors (3072K)
 Metaspace       used 20626K, capacity 21109K, committed 21248K, reserved 1067008K
  class space    used 2532K, capacity 2710K, committed 2816K, reserved 1048576K
}
Event: 2.171 GC heap after
{Heap after GC invocations=2 (full 0):
 garbage-first heap   total 262144K, used 15764K [0x0000000080000000, 0x0000000100000000)
  region size 1024K, 10 young (10240K), 10 survivors (10240K)
 Metaspace       used 20626K, capacity 21109K, committed 21248K, reserved 1067008K
  class space    used 2532K, capacity 2710K, committed 2816K, reserved 1048576K
}
Event: 2.419 GC heap before
{Heap before GC invocations=3 (full 0):
 garbage-first heap   total 262144K, used 44436K [0x0000000080000000, 0x0000000100000000)
  region size 1024K, 38 young (38912K), 10 survivors (10240K)
 Metaspace       used 24045K, capacity 24666K, committed 24832K, reserved 1071104K
  class space    used 3065K, capacity 3259K, committed 3328K, reserved 1048576K
}
Event: 2.426 GC heap after
{Heap after GC invocations=4 (full 0):
 garbage-first heap   total 262144K, used 18050K [0x0000000080000000, 0x0000000100000000)
  region size 1024K, 2 young (2048K), 2 survivors (2048K)
 Metaspace       used 24045K, capacity 24666K, committed 24832K, reserved 1071104K
  class space    used 3065K, capacity 3259K, committed 3328K, reserved 1048576K
}
Event: 3.057 GC heap before
{Heap before GC invocations=4 (full 0):
 garbage-first heap   total 262144K, used 86658K [0x0000000080000000, 0x0000000100000000)
  region size 1024K, 70 young (71680K), 2 survivors (2048K)
 Metaspace       used 35095K, capacity 35777K, committed 35840K, reserved 1081344K
  class space    used 4571K, capacity 4858K, committed 4864K, reserved 1048576K
}
Event: 3.063 GC heap after
{Heap after GC invocations=5 (full 0):
 garbage-first heap   total 262144K, used 21545K [0x0000000080000000, 0x0000000100000000)
  region size 1024K, 6 young (6144K), 6 survivors (6144K)
 Metaspace       used 35095K, capacity 35777K, committed 35840K, reserved 1081344K
  class space    used 4571K, capacity 4858K, committed 4864K, reserved 1048576K
}
Event: 3.846 GC heap before
{Heap before GC invocations=6 (full 0):
 garbage-first heap   total 262144K, used 115753K [0x0000000080000000, 0x0000000100000000)
  region size 1024K, 95 young (97280K), 6 survivors (6144K)
 Metaspace       used 43627K, capacity 44622K, committed 44928K, reserved 1087488K
  class space    used 5598K, capacity 5949K, committed 6016K, reserved 1048576K
}
Event: 3.854 GC heap after
{Heap after GC invocations=7 (full 0):
 garbage-first heap   total 262144K, used 26670K [0x0000000080000000, 0x0000000100000000)
  region size 1024K, 11 young (11264K), 11 survivors (11264K)
 Metaspace       used 43627K, capacity 44622K, committed 44928K, reserved 1087488K
  class space    used 5598K, capacity 5949K, committed 6016K, reserved 1048576K
}
Event: 4.910 GC heap before
{Heap before GC invocations=7 (full 0):
 garbage-first heap   total 262144K, used 158766K [0x0000000080000000, 0x0000000100000000)
  region size 1024K, 138 young (141312K), 11 survivors (11264K)
 Metaspace       used 55124K, capacity 56537K, committed 56704K, reserved 1097728K
  class space    used 7050K, capacity 7532K, committed 7552K, reserved 1048576K
}
Event: 4.924 GC heap after
{Heap after GC invocations=8 (full 0):
 garbage-first heap   total 262144K, used 39144K [0x0000000080000000, 0x0000000100000000)
  region size 1024K, 18 young (18432K), 18 survivors (18432K)
 Metaspace       used 55124K, capacity 56537K, committed 56704K, reserved 1097728K
  class space    used 7050K, capacity 7532K, committed 7552K, reserved 1048576K
}
Event: 5.262 GC heap before
{Heap before GC invocations=8 (full 0):
 garbage-first heap   total 262144K, used 73960K [0x0000000080000000, 0x0000000100000000)
  region size 1024K, 53 young (54272K), 18 survivors (18432K)
 Metaspace       used 58606K, capacity 60032K, committed 60160K, reserved 1101824K
  class space    used 7439K, capacity 7939K, committed 8064K, reserved 1048576K
}
Event: 5.291 GC heap after
{Heap after GC invocations=9 (full 0):
 garbage-first heap   total 262144K, used 43801K [0x0000000080000000, 0x0000000100000000)
  region size 1024K, 15 young (15360K), 15 survivors (15360K)
 Metaspace       used 58606K, capacity 60032K, committed 60160K, reserved 1101824K
  class space    used 7439K, capacity 7939K, committed 8064K, reserved 1048576K
}
Event: 6.138 GC heap before
{Heap before GC invocations=10 (full 0):
 garbage-first heap   total 262144K, used 151321K [0x0000000080000000, 0x0000000100000000)
  region size 1024K, 120 young (122880K), 15 survivors (15360K)
 Metaspace       used 65501K, capacity 67112K, committed 67328K, reserved 1107968K
  class space    used 8546K, capacity 9112K, committed 9216K, reserved 1048576K
}
Event: 6.151 GC heap after
{Heap after GC invocations=11 (full 0):
 garbage-first heap   total 262144K, used 52282K [0x0000000080000000, 0x0000000100000000)
  region size 1024K, 13 young (13312K), 13 survivors (13312K)
 Metaspace       used 65501K, capacity 67112K, committed 67328K, reserved 1107968K
  class space    used 8546K, capacity 9112K, committed 9216K, reserved 1048576K
}
Event: 7.929 GC heap before
{Heap before GC invocations=11 (full 0):
 garbage-first heap   total 262144K, used 163898K [0x0000000080000000, 0x0000000100000000)
  region size 1024K, 122 young (124928K), 13 survivors (13312K)
 Metaspace       used 75570K, capacity 77515K, committed 77824K, reserved 1116160K
  class space    used 9944K, capacity 10657K, committed 10752K, reserved 1048576K
}
Event: 7.944 GC heap after
{Heap after GC invocations=12 (full 0):
 garbage-first heap   total 262144K, used 59392K [0x0000000080000000, 0x0000000100000000)
  region size 1024K, 8 young (8192K), 8 survivors (8192K)
 Metaspace       used 75570K, capacity 77515K, committed 77824K, reserved 1116160K
  class space    used 9944K, capacity 10657K, committed 10752K, reserved 1048576K
}
Event: 8.667 GC heap before
{Heap before GC invocations=12 (full 0):
 garbage-first heap   total 262144K, used 174080K [0x0000000080000000, 0x0000000100000000)
  region size 1024K, 121 young (123904K), 8 survivors (8192K)
 Metaspace       used 76622K, capacity 78604K, committed 78848K, reserved 1118208K
  class space    used 9992K, capacity 10714K, committed 10752K, reserved 1048576K
}

